<?xml version="1.0" encoding="UTF-8"?>
<testsuite xmlns:xsi="http://www.w3.org/2001/XMLSchema-instance" xsi:schemaLocation="https://maven.apache.org/surefire/maven-surefire-plugin/xsd/surefire-test-report.xsd" name="runner.RunnerTest" time="62.996" tests="58" errors="0" skipped="0" failures="0">
  <properties>
    <property name="java.runtime.name" value="OpenJDK Runtime Environment"/>
    <property name="sun.boot.library.path" value="C:\Program Files (x86)\Java\jdk 8.0.252\jre\bin"/>
    <property name="java.vm.version" value="25.252-b14"/>
    <property name="jdk.vendor.version" value="Zulu 8.46.0.19-CA-win64"/>
    <property name="java.vm.vendor" value="Azul Systems, Inc."/>
    <property name="maven.multiModuleProjectDirectory" value="C:\Users\beatr\OneDrive\Área de Trabalho\Faculdade\Automação de testes\Aulas\Ativ_SystemTest"/>
    <property name="java.vendor.url" value="http://www.azulsystems.com/"/>
    <property name="path.separator" value=";"/>
    <property name="guice.disable.misplaced.annotation.check" value="true"/>
    <property name="java.vm.name" value="OpenJDK 64-Bit Server VM"/>
    <property name="file.encoding.pkg" value="sun.io"/>
    <property name="user.script" value=""/>
    <property name="user.country" value="BR"/>
    <property name="sun.java.launcher" value="SUN_STANDARD"/>
    <property name="sun.os.patch.level" value=""/>
    <property name="java.vm.specification.name" value="Java Virtual Machine Specification"/>
    <property name="user.dir" value="C:\Users\beatr\OneDrive\Área de Trabalho\Faculdade\Automação de testes\Aulas\Ativ_SystemTest"/>
    <property name="java.runtime.version" value="1.8.0_252-b14"/>
    <property name="java.awt.graphicsenv" value="sun.awt.Win32GraphicsEnvironment"/>
    <property name="java.endorsed.dirs" value="C:\Program Files (x86)\Java\jdk 8.0.252\jre\lib\endorsed"/>
    <property name="os.arch" value="amd64"/>
    <property name="java.io.tmpdir" value="C:\Users\beatr\AppData\Local\Temp\"/>
    <property name="line.separator" value="&#10;"/>
    <property name="java.vm.specification.vendor" value="Oracle Corporation"/>
    <property name="user.variant" value=""/>
    <property name="os.name" value="Windows 10"/>
    <property name="classworlds.conf" value="C:\Program Files\apache-maven-3.6.3\bin\..\bin\m2.conf"/>
    <property name="sun.jnu.encoding" value="Cp1252"/>
    <property name="java.library.path" value="C:\Program Files (x86)\Java\jdk 8.0.252\bin;C:\WINDOWS\Sun\Java\bin;C:\WINDOWS\system32;C:\WINDOWS;C:\Program Files (x86)\Common Files\Oracle\Java\javapath;C:\Program Files (x86)\Intel\Intel(R) Management Engine Components\iCLS\;C:\Program Files\Intel\Intel(R) Management Engine Components\iCLS\;C:\WINDOWS\system32;C:\WINDOWS;C:\WINDOWS\System32\Wbem;C:\WINDOWS\System32\WindowsPowerShell\v1.0\;C:\WINDOWS\System32\OpenSSH\;C:\Program Files (x86)\Intel\Intel(R) Management Engine Components\DAL;C:\Program Files\Intel\Intel(R) Management Engine Components\DAL;C:\Tools\cmder\vendor\git-for-windows\usr\bin;C:\Program Files\nodejs\;C:\Program Files\Git\cmd;C:\Program Files (x86)\Java\jdk 8.0.252\bin;C:\Program Files\Microsoft SQL Server\Client SDK\ODBC\170\Tools\Binn\;C:\Program Files (x86)\Microsoft SQL Server\150\Tools\Binn\;C:\Program Files\Microsoft SQL Server\150\Tools\Binn\;C:\Program Files\Microsoft SQL Server\150\DTS\Binn\;C:\Program Files (x86)\Microsoft SQL Server\150\DTS\Binn\;C:\Program Files\dotnet\;C:\Program Files\apache-maven-3.6.3\bin;C:\driver;C:\Ruby26-x64\bin;C:\Users\beatr\AppData\Local\Microsoft\WindowsApps;C:\Users\beatr\AppData\Local\Programs\Microsoft VS Code\bin;C:\Users\beatr\AppData\Roaming\npm;C:\Users\beatr\.dotnet\tools;C:\driver;C:\Program Files (x86)\Google\Chrome\Application;;."/>
    <property name="maven.conf" value="C:\Program Files\apache-maven-3.6.3\bin\../conf"/>
    <property name="java.specification.name" value="Java Platform API Specification"/>
    <property name="java.class.version" value="52.0"/>
    <property name="sun.management.compiler" value="HotSpot 64-Bit Tiered Compilers"/>
    <property name="os.version" value="10.0"/>
    <property name="library.jansi.path" value="C:\Program Files\apache-maven-3.6.3\bin\..\lib\jansi-native"/>
    <property name="user.home" value="C:\Users\beatr"/>
    <property name="user.timezone" value="America/Sao_Paulo"/>
    <property name="java.awt.printerjob" value="sun.awt.windows.WPrinterJob"/>
    <property name="java.specification.version" value="1.8"/>
    <property name="file.encoding" value="Cp1252"/>
    <property name="user.name" value="beatr"/>
    <property name="java.class.path" value="C:\Program Files\apache-maven-3.6.3\bin\..\boot\plexus-classworlds-2.6.0.jar"/>
    <property name="java.vm.specification.version" value="1.8"/>
    <property name="sun.arch.data.model" value="64"/>
    <property name="java.home" value="C:\Program Files (x86)\Java\jdk 8.0.252\jre"/>
    <property name="sun.java.command" value="org.codehaus.plexus.classworlds.launcher.Launcher verify"/>
    <property name="java.specification.vendor" value="Oracle Corporation"/>
    <property name="user.language" value="pt"/>
    <property name="awt.toolkit" value="sun.awt.windows.WToolkit"/>
    <property name="java.vm.info" value="mixed mode"/>
    <property name="java.version" value="1.8.0_252"/>
    <property name="java.ext.dirs" value="C:\Program Files (x86)\Java\jdk 8.0.252\jre\lib\ext;C:\WINDOWS\Sun\Java\lib\ext"/>
    <property name="sun.boot.class.path" value="C:\Program Files (x86)\Java\jdk 8.0.252\jre\lib\resources.jar;C:\Program Files (x86)\Java\jdk 8.0.252\jre\lib\rt.jar;C:\Program Files (x86)\Java\jdk 8.0.252\jre\lib\sunrsasign.jar;C:\Program Files (x86)\Java\jdk 8.0.252\jre\lib\jsse.jar;C:\Program Files (x86)\Java\jdk 8.0.252\jre\lib\jce.jar;C:\Program Files (x86)\Java\jdk 8.0.252\jre\lib\charsets.jar;C:\Program Files (x86)\Java\jdk 8.0.252\jre\lib\jfr.jar;C:\Program Files (x86)\Java\jdk 8.0.252\jre\classes"/>
    <property name="sun.stderr.encoding" value="cp850"/>
    <property name="java.vendor" value="Azul Systems, Inc."/>
    <property name="maven.home" value="C:\Program Files\apache-maven-3.6.3\bin\.."/>
    <property name="file.separator" value="\"/>
    <property name="java.vendor.url.bug" value="http://www.azulsystems.com/support/"/>
    <property name="sun.cpu.endian" value="little"/>
    <property name="sun.io.unicode.encoding" value="UnicodeLittle"/>
    <property name="sun.stdout.encoding" value="cp850"/>
    <property name="sun.desktop" value="windows"/>
    <property name="sun.cpu.isalist" value="amd64"/>
  </properties>
  <testcase name="Given o usuario esteja na pagina do agapito-server" classname="| Testes Casa | Vila Maria |" time="0.002"/>
  <testcase name="And o usuario clica no menu usuario" classname="| Testes Casa | Vila Maria |" time="0"/>
  <testcase name="And o usuario clica no botao Novo usuario" classname="| Testes Casa | Vila Maria |" time="0"/>
  <testcase name="And o usuario preenche o &quot;Login&quot; com o valor de &quot;Testes Casa&quot;" classname="| Testes Casa | Vila Maria |" time="0"/>
  <testcase name="And o usuario preenche o &quot;Nome Completo&quot; com o valor de &quot;Vila Maria&quot;" classname="| Testes Casa | Vila Maria |" time="0"/>
  <testcase name="And o usuario preenche o &quot;Email&quot; com o valor de &quot;Testebiajames@teste.com&quot;" classname="| Testes Casa | Vila Maria |" time="0"/>
  <testcase name="And o usuario preenche o &quot;Idade&quot; com o valor de &quot;28&quot;" classname="| Testes Casa | Vila Maria |" time="0"/>
  <testcase name="When o usuario clicar no botao Salvar" classname="| Testes Casa | Vila Maria |" time="0"/>
  <testcase name="Then o usuario irá visualizar &quot;Usuário foi criado com sucesso.&quot;" classname="| Testes Casa | Vila Maria |" time="0"/>
  <testcase name="| Testes Casa | Vila Maria |" classname="| Testes Casa | Vila Maria |" time="0.616"/>
  <testcase name="Given o usuario esteja na pagina do agapito-server" classname="| Testes ap | São Paulo |" time="0"/>
  <testcase name="And o usuario clica no menu usuario" classname="| Testes ap | São Paulo |" time="0"/>
  <testcase name="And o usuario clica no botao Novo usuario" classname="| Testes ap | São Paulo |" time="0"/>
  <testcase name="And o usuario preenche o &quot;Login&quot; com o valor de &quot;Testes ap&quot;" classname="| Testes ap | São Paulo |" time="0"/>
  <testcase name="And o usuario preenche o &quot;Nome Completo&quot; com o valor de &quot;São Paulo&quot;" classname="| Testes ap | São Paulo |" time="0"/>
  <testcase name="And o usuario preenche o &quot;Email&quot; com o valor de &quot;Testebiajames@teste.com&quot;" classname="| Testes ap | São Paulo |" time="0"/>
  <testcase name="And o usuario preenche o &quot;Idade&quot; com o valor de &quot;28&quot;" classname="| Testes ap | São Paulo |" time="0"/>
  <testcase name="When o usuario clicar no botao Salvar" classname="| Testes ap | São Paulo |" time="0"/>
  <testcase name="Then o usuario irá visualizar &quot;Usuário foi criado com sucesso.&quot;" classname="| Testes ap | São Paulo |" time="0"/>
  <testcase name="| Testes ap | São Paulo |" classname="| Testes ap | São Paulo |" time="0.604"/>
  <testcase name="Given o usuario esteja na pagina do agapito-server" classname="Scenario: Consultar o usuario" time="0"/>
  <testcase name="And o usuario clica no menu usuario" classname="Scenario: Consultar o usuario" time="0"/>
  <testcase name="And o usuario clica no botao Novo usuario" classname="Scenario: Consultar o usuario" time="0"/>
  <testcase name="And o usuario preenche o &quot;Login&quot; com o valor de &quot;Teste Bia&quot;" classname="Scenario: Consultar o usuario" time="0"/>
  <testcase name="And o usuario preenche o &quot;Nome Completo&quot; com o valor de &quot;Teste James&quot;" classname="Scenario: Consultar o usuario" time="0"/>
  <testcase name="And o usuario preenche o &quot;Email&quot; com o valor de &quot;Testebiajames@teste.com&quot;" classname="Scenario: Consultar o usuario" time="0"/>
  <testcase name="And o usuario preenche o &quot;Idade&quot; com o valor de &quot;28&quot;" classname="Scenario: Consultar o usuario" time="0"/>
  <testcase name="And o usuario clicar no botao Salvar" classname="Scenario: Consultar o usuario" time="0"/>
  <testcase name="And o usuario retorno para a tela usuario" classname="Scenario: Consultar o usuario" time="0"/>
  <testcase name="When o usuario clica no botao mostrar" classname="Scenario: Consultar o usuario" time="0"/>
  <testcase name="Then o usuario visualiza o Login com o valor &quot;Teste Bia&quot;" classname="Scenario: Consultar o usuario" time="0"/>
  <testcase name="Scenario: Consultar o usuario" classname="Scenario: Consultar o usuario" time="0.687"/>
  <testcase name="Given o usuario esteja na pagina do agapito-server" classname="Scenario: Realizar a deleção de usuário" time="0.001"/>
  <testcase name="And o usuario clica no menu usuario" classname="Scenario: Realizar a deleção de usuário" time="0"/>
  <testcase name="And o usuario clica no botao Novo usuario" classname="Scenario: Realizar a deleção de usuário" time="0"/>
  <testcase name="And o usuario preenche o &quot;Login&quot; com o valor de &quot;Teste Bia&quot;" classname="Scenario: Realizar a deleção de usuário" time="0"/>
  <testcase name="And o usuario preenche o &quot;Nome Completo&quot; com o valor de &quot;Teste James&quot;" classname="Scenario: Realizar a deleção de usuário" time="0"/>
  <testcase name="And o usuario preenche o &quot;Email&quot; com o valor de &quot;Testebiajames@teste.com&quot;" classname="Scenario: Realizar a deleção de usuário" time="0"/>
  <testcase name="And o usuario preenche o &quot;Idade&quot; com o valor de &quot;28&quot;" classname="Scenario: Realizar a deleção de usuário" time="0"/>
  <testcase name="And o usuario clicar no botao Salvar" classname="Scenario: Realizar a deleção de usuário" time="0"/>
  <testcase name="And o usuario retorno para a tela usuario" classname="Scenario: Realizar a deleção de usuário" time="0"/>
  <testcase name="And o usuario clica no botao apagar" classname="Scenario: Realizar a deleção de usuário" time="0"/>
  <testcase name="Then o usuário confirma deleção" classname="Scenario: Realizar a deleção de usuário" time="0"/>
  <testcase name="Scenario: Realizar a deleção de usuário" classname="Scenario: Realizar a deleção de usuário" time="0.594"/>
  <testcase name="Given o usuario esteja na pagina do agapito-server" classname="Scenario: Editar usuario" time="0"/>
  <testcase name="And o usuario clica no menu usuario" classname="Scenario: Editar usuario" time="0"/>
  <testcase name="And o usuario clica no botao Novo usuario" classname="Scenario: Editar usuario" time="0"/>
  <testcase name="And o usuario preenche o &quot;Login&quot; com o valor de &quot;Teste Bia&quot;" classname="Scenario: Editar usuario" time="0"/>
  <testcase name="And o usuario preenche o &quot;Nome Completo&quot; com o valor de &quot;Teste James&quot;" classname="Scenario: Editar usuario" time="0"/>
  <testcase name="And o usuario preenche o &quot;Email&quot; com o valor de &quot;Testebiajames@teste.com&quot;" classname="Scenario: Editar usuario" time="0"/>
  <testcase name="And o usuario preenche o &quot;Idade&quot; com o valor de &quot;28&quot;" classname="Scenario: Editar usuario" time="0"/>
  <testcase name="And o usuario clicar no botao Salvar" classname="Scenario: Editar usuario" time="0"/>
  <testcase name="And o usuario retorno para a tela usuario" classname="Scenario: Editar usuario" time="0"/>
  <testcase name="And o usuario clica no botao editar" classname="Scenario: Editar usuario" time="0"/>
  <testcase name="And o usuario altera o &quot;Nome Completo&quot; com o valor de &quot;Teste Cookie&quot;" classname="Scenario: Editar usuario" time="0"/>
  <testcase name="When o usuario clicar no botao Salvar" classname="Scenario: Editar usuario" time="0"/>
  <testcase name="Then o usuario irá visualizar &quot;Usuário foi atualizado com sucesso.&quot;" classname="Scenario: Editar usuario" time="0"/>
  <testcase name="Scenario: Editar usuario" classname="Scenario: Editar usuario" time="0.599"/>
</testsuite>